<?xml version="1.0" encoding="UTF-8"?>
<!-- Generated by org.testng.reporters.JUnitReportReporter -->
<testsuite hostname="DESKTOP-QQFDQF0" failures="0" tests="1" name="testcases.LoginTestcase" time="10.773" errors="0" timestamp="2022-07-31T14:46:41 IST" skipped="0">
  <testcase classname="testcases.LoginTestcase" name="LogintoApplication" time="10.773"/>
  <system-out/>
</testsuite> <!-- testcases.LoginTestcase -->
