<?xml version="1.0" encoding="UTF-8"?>
<!-- Generated by org.testng.reporters.JUnitReportReporter -->
<testsuite hostname="DESKTOP-QQFDQF0" failures="0" tests="1" name="pageObjectsWithoutFindBy.LoginTestcaseUsingPageFactoryWithoutFindBy" time="13.422" errors="0" timestamp="2022-07-31T18:49:20 IST" skipped="0">
  <testcase classname="pageObjectsWithoutFindBy.LoginTestcaseUsingPageFactoryWithoutFindBy" name="LogintoApplication" time="13.422"/>
  <system-out/>
</testsuite> <!-- pageObjectsWithoutFindBy.LoginTestcaseUsingPageFactoryWithoutFindBy -->
