<?xml version="1.0" encoding="UTF-8"?>
<!-- Generated by org.testng.reporters.JUnitReportReporter -->
<testsuite hostname="DESKTOP-QQFDQF0" failures="0" tests="1" name="testcases.LoginTestcaseUsingPageFactory" time="6.780" errors="0" timestamp="2022-07-31T17:14:06 IST" skipped="0">
  <testcase classname="testcases.LoginTestcaseUsingPageFactory" name="LogintoApplication" time="6.780"/>
  <system-out/>
</testsuite> <!-- testcases.LoginTestcaseUsingPageFactory -->
